Using pre-set license
Built from '2020.3/staging' branch; Version is '2020.3.10f1 (297d780c91bc) revision 2719096'; Using compiler version '192528614'; Build Type 'Release'
OS: 'Windows 10 Education; OS build 19042.1110; Version 2009; 64bit' Language: 'en' Physical Memory: 16331 MB
BatchMode: 1, IsHumanControllingUs: 0, StartBugReporterOnCrash: 0, Is64bit: 1, IsPro: 0

 COMMAND LINE ARGUMENTS:
D:\Unity\2020.3.14f1\Editor\Unity.exe
-adb2
-batchMode
-noUpm
-name
AssetImportWorker1
-projectPath
C:/Users/claudiu.chelcea/Desktop/Unity-project
-logFile
Logs/AssetImportWorker1.log
-srvPort
63960
Successfully changed project path to: C:/Users/claudiu.chelcea/Desktop/Unity-project
C:/Users/claudiu.chelcea/Desktop/Unity-project
Using Asset Import Pipeline V2.
